<?xml version="1.0" encoding="UTF-8"?>
<!-- Generated by org.testng.reporters.JUnitReportReporter -->
<testsuite hostname="LAPTOP-K3GT0J50" failures="0" tests="1" name="learnTestNGParameters.Parameters_CreateLead" time="21.246" errors="0" timestamp="2022-11-03T10:54:05 CDT" skipped="0">
  <testcase classname="learnTestNGParameters.Parameters_CreateLead" name="createLead" time="21.246"/>
</testsuite> <!-- learnTestNGParameters.Parameters_CreateLead -->
