<?xml version="1.0" encoding="UTF-8"?>
<!-- Generated by org.testng.reporters.JUnitReportReporter -->
<testsuite hostname="LAPTOP-K3GT0J50" failures="0" tests="3" name="utils_Integrate_Excel.DataProvider_CreateLead" time="73.653" errors="0" timestamp="2022-11-06T20:23:51 CST" skipped="0">
  <testcase classname="utils_Integrate_Excel.DataProvider_CreateLead" name="createLead" time="19.717"/>
  <testcase classname="utils_Integrate_Excel.DataProvider_CreateLead" name="createLead" time="35.743"/>
  <testcase classname="utils_Integrate_Excel.DataProvider_CreateLead" name="createLead" time="18.193"/>
</testsuite> <!-- utils_Integrate_Excel.DataProvider_CreateLead -->
