<?xml version="1.0" encoding="UTF-8"?>
<!-- Generated by org.testng.reporters.JUnitReportReporter -->
<testsuite hostname="LAPTOP-K3GT0J50" failures="0" tests="3" name="learnTestNG.AnnotationsOrder" time="0.010" errors="0" timestamp="2022-10-19T18:05:51 CDT" skipped="0">
  <testcase classname="learnTestNG.AnnotationsOrder" name="test2" time="0.006"/>
  <testcase classname="learnTestNG.AnnotationsOrder" name="test3" time="0.002"/>
  <testcase classname="learnTestNG.AnnotationsOrder" name="test1" time="0.002"/>
</testsuite> <!-- learnTestNG.AnnotationsOrder -->
