<?xml version="1.0" encoding="UTF-8"?>
<!-- Generated by org.testng.reporters.JUnitReportReporter -->
<testsuite hostname="LAPTOP-K3GT0J50" failures="0" tests="1" name="learnTestNG.CreatLead" time="27.322" errors="0" timestamp="2022-10-20T11:14:16 CDT" skipped="0">
  <testcase classname="learnTestNG.CreatLead" name="createLead" time="27.322"/>
</testsuite> <!-- learnTestNG.CreatLead -->
