<?xml version="1.0" encoding="UTF-8"?>
<!-- Generated by org.testng.reporters.JUnitReportReporter -->
<testsuite hostname="LAPTOP-K3GT0J50" failures="0" tests="1" name="startingPointOfFramework1.TC001_CreatLead" time="9.952" errors="0" timestamp="2022-11-19T06:52:25 CST" skipped="0">
  <testcase classname="startingPointOfFramework1.TC001_CreatLead" name="creatLead" time="9.952"/>
</testsuite> <!-- startingPointOfFramework1.TC001_CreatLead -->
