<?xml version="1.0" encoding="UTF-8"?>
<!-- Generated by org.testng.reporters.JUnitReportReporter -->
<testsuite hostname="LAPTOP-K3GT0J50" failures="0" tests="4" name="learnTestNG.TestingPriority" time="114.784" errors="0" timestamp="2022-10-15T16:03:14 CDT" skipped="0">
  <testcase classname="learnTestNG.TestingPriority" name="mergeLead" time="26.968"/>
  <testcase classname="learnTestNG.TestingPriority" name="createLead" time="39.505"/>
  <testcase classname="learnTestNG.TestingPriority" name="editLead" time="15.157"/>
  <testcase classname="learnTestNG.TestingPriority" name="deleteLead" time="33.154"/>
</testsuite> <!-- learnTestNG.TestingPriority -->
