<?xml version="1.0" encoding="UTF-8"?>
<!-- Generated by org.testng.reporters.JUnitReportReporter -->
<testsuite hostname="LAPTOP-K3GT0J50" failures="0" tests="1" name="learnTestNGParameters.TakeScreenshots" time="18.592" errors="0" timestamp="2022-11-03T11:58:11 CDT" skipped="0">
  <testcase classname="learnTestNGParameters.TakeScreenshots" name="createLead" time="18.592"/>
</testsuite> <!-- learnTestNGParameters.TakeScreenshots -->
