<?xml version="1.0" encoding="UTF-8"?>
<!-- Generated by org.testng.reporters.JUnitReportReporter -->
<testsuite hostname="LAPTOP-K3GT0J50" failures="0" tests="1" name="testCases_LeafTapWD.CreatLead1" time="25.533" errors="0" timestamp="2022-10-20T13:20:07 CDT" skipped="0">
  <testcase classname="testCases_LeafTapWD.CreatLead1" name="createLead" time="25.533"/>
</testsuite> <!-- testCases_LeafTapWD.CreatLead1 -->
