<?xml version="1.0" encoding="UTF-8"?>
<!-- Generated by org.testng.reporters.JUnitReportReporter -->
<testsuite hostname="LAPTOP-K3GT0J50" failures="0" tests="3" name="learnTestNG_DataProvider_Parameterization.DataProvider_CreateLead" time="126.330" errors="0" timestamp="2022-11-05T19:47:18 CDT" skipped="0">
  <testcase classname="learnTestNG_DataProvider_Parameterization.DataProvider_CreateLead" name="createLead" time="19.910"/>
  <testcase classname="learnTestNG_DataProvider_Parameterization.DataProvider_CreateLead" name="createLead" time="86.782"/>
  <testcase classname="learnTestNG_DataProvider_Parameterization.DataProvider_CreateLead" name="createLead" time="19.638"/>
</testsuite> <!-- learnTestNG_DataProvider_Parameterization.DataProvider_CreateLead -->
