<?xml version="1.0" encoding="UTF-8"?>
<!-- Generated by org.testng.reporters.JUnitReportReporter -->
<testsuite hostname="LAPTOP-K3GT0J50" failures="0" tests="3" name="learnTestNG.AnnotationsOrder1" time="0.013" errors="0" timestamp="2022-10-15T20:27:26 CDT" skipped="0">
  <testcase classname="learnTestNG.AnnotationsOrder1" name="test2" time="0.008"/>
  <testcase classname="learnTestNG.AnnotationsOrder1" name="test3" time="0.002"/>
  <testcase classname="learnTestNG.AnnotationsOrder1" name="test1" time="0.003"/>
</testsuite> <!-- learnTestNG.AnnotationsOrder1 -->
