<?xml version="1.0" encoding="UTF-8"?>
<!-- Generated by org.testng.reporters.JUnitReportReporter -->
<testsuite hostname="LAPTOP-K3GT0J50" failures="0" tests="4" name="learnTestNG.AsatTest" time="4.610" errors="0" timestamp="2022-10-20T17:54:07 CDT" skipped="0">
  <testcase classname="learnTestNG.AsatTest" name="name1" time="0.528"/>
  <testcase classname="learnTestNG.AsatTest" name="name4" time="2.572"/>
  <testcase classname="learnTestNG.AsatTest" name="name2" time="0.442"/>
  <testcase classname="learnTestNG.AsatTest" name="name3" time="1.068"/>
</testsuite> <!-- learnTestNG.AsatTest -->
