<?xml version="1.0" encoding="UTF-8"?>
<!-- Generated by org.testng.reporters.JUnitReportReporter -->
<testsuite hostname="LAPTOP-K3GT0J50" failures="0" tests="1" name="startingPointOfFramework.TC001_CreatLead" time="30.025" errors="0" timestamp="2022-11-19T05:46:27 CST" skipped="0">
  <testcase classname="startingPointOfFramework.TC001_CreatLead" name="creatLead" time="30.025"/>
</testsuite> <!-- startingPointOfFramework.TC001_CreatLead -->
