<?xml version="1.0" encoding="UTF-8"?>
<!-- Generated by org.testng.reporters.JUnitReportReporter -->
<testsuite hostname="LAPTOP-K3GT0J50" failures="0" tests="1" name="CSSSelector.CSS2" time="21.914" errors="0" timestamp="2022-10-15T00:10:25 CDT" skipped="0">
  <testcase classname="CSSSelector.CSS2" name="cSS2" time="21.914"/>
</testsuite> <!-- CSSSelector.CSS2 -->
