<?xml version="1.0" encoding="UTF-8"?>
<!-- Generated by org.testng.reporters.JUnitReportReporter -->
<testsuite hostname="LAPTOP-K3GT0J50" failures="0" tests="1" name="multipuleBrowserSelenium.ChromeBrowser" time="4.742" errors="0" timestamp="2022-10-22T14:06:15 CDT" skipped="0">
  <testcase classname="multipuleBrowserSelenium.ChromeBrowser" name="creatLead" time="4.742"/>
</testsuite> <!-- multipuleBrowserSelenium.ChromeBrowser -->
