<?xml version="1.0" encoding="UTF-8"?>
<!-- Generated by org.testng.reporters.JUnitReportReporter -->
<testsuite hostname="LAPTOP-K3GT0J50" failures="0" tests="4" name="learnTestNG.TestingPriority1" time="70.538" errors="0" timestamp="2022-10-15T20:17:08 CDT" skipped="0">
  <testcase classname="learnTestNG.TestingPriority1" name="mergeLead" time="12.183"/>
  <testcase classname="learnTestNG.TestingPriority1" name="createLead" time="24.682"/>
  <testcase classname="learnTestNG.TestingPriority1" name="editLead" time="16.241"/>
  <testcase classname="learnTestNG.TestingPriority1" name="deleteLead" time="17.432"/>
</testsuite> <!-- learnTestNG.TestingPriority1 -->
