<?xml version="1.0" encoding="UTF-8"?>
<!-- Generated by org.testng.reporters.JUnitReportReporter -->
<testsuite hostname="LAPTOP-K3GT0J50" failures="0" tests="1" name="learnTestNG.CreatLead1" time="21.599" errors="0" timestamp="2022-10-20T13:21:45 CDT" skipped="0">
  <testcase classname="learnTestNG.CreatLead1" name="createLead" time="21.599"/>
</testsuite> <!-- learnTestNG.CreatLead1 -->
