<?xml version="1.0" encoding="UTF-8"?>
<!-- Generated by org.testng.reporters.JUnitReportReporter -->
<testsuite hostname="LAPTOP-K3GT0J50" failures="0" tests="1" name="learnTestNGParameters.TakeScreenshots1" time="19.653" errors="0" timestamp="2022-11-04T23:12:31 CDT" skipped="0">
  <testcase classname="learnTestNGParameters.TakeScreenshots1" name="createLead" time="19.653"/>
</testsuite> <!-- learnTestNGParameters.TakeScreenshots1 -->
