<?xml version="1.0" encoding="UTF-8"?>
<!-- Generated by org.testng.reporters.JUnitReportReporter -->
<testsuite hostname="LAPTOP-K3GT0J50" failures="0" tests="1" name="CSSSelector.CreatLead" time="20.449" errors="0" timestamp="2022-10-15T02:01:59 CDT" skipped="0">
  <testcase classname="CSSSelector.CreatLead" name="cSS2" time="20.449"/>
</testsuite> <!-- CSSSelector.CreatLead -->
