<?xml version="1.0" encoding="UTF-8"?>
<!-- Generated by org.testng.reporters.JUnitReportReporter -->
<testsuite hostname="LAPTOP-K3GT0J50" failures="0" tests="3" name="learnTestNG_DataProvider_Parameterization.DataProvider_CreatLead1" time="91.221" errors="0" timestamp="2022-11-05T22:20:16 CDT" skipped="0">
  <testcase classname="learnTestNG_DataProvider_Parameterization.DataProvider_CreatLead1" name="createLead" time="36.973"/>
  <testcase classname="learnTestNG_DataProvider_Parameterization.DataProvider_CreatLead1" name="createLead" time="19.210"/>
  <testcase classname="learnTestNG_DataProvider_Parameterization.DataProvider_CreatLead1" name="createLead" time="35.038"/>
</testsuite> <!-- learnTestNG_DataProvider_Parameterization.DataProvider_CreatLead1 -->
